<?xml version="1.0" encoding="UTF-8"?>
<testng-results ignored="0" total="2" passed="2" failed="0" skipped="0">
  <reporter-output>
  </reporter-output>
  <suite started-at="2024-07-31T23:19:13 EET" name="Default suite" finished-at="2024-07-31T23:19:18 EET" duration-ms="5347">
    <groups>
    </groups>
    <test started-at="2024-07-31T23:19:13 EET" name="Default test" finished-at="2024-07-31T23:19:18 EET" duration-ms="5347">
      <class name="FourthProjectAutomation.FourthTask">
        <test-method is-config="true" signature="SetUp()[pri:0, instance:FourthProjectAutomation.FourthTask@44c79f32]" started-at="2024-07-31T23:19:13 EET" name="SetUp" finished-at="2024-07-31T23:19:16 EET" duration-ms="2707" status="PASS">
          <reporter-output>
          </reporter-output>
        </test-method> <!-- SetUp -->
        <test-method signature="LoginTest()[pri:1, instance:FourthProjectAutomation.FourthTask@44c79f32]" started-at="2024-07-31T23:19:16 EET" name="LoginTest" finished-at="2024-07-31T23:19:18 EET" duration-ms="1770" status="PASS">
          <reporter-output>
          </reporter-output>
        </test-method> <!-- LoginTest -->
        <test-method signature="Add4ItemsToCartTest()[pri:2, instance:FourthProjectAutomation.FourthTask@44c79f32]" started-at="2024-07-31T23:19:18 EET" name="Add4ItemsToCartTest" finished-at="2024-07-31T23:19:18 EET" duration-ms="597" status="PASS">
          <reporter-output>
          </reporter-output>
        </test-method> <!-- Add4ItemsToCartTest -->
      </class> <!-- FourthProjectAutomation.FourthTask -->
    </test> <!-- Default test -->
  </suite> <!-- Default suite -->
</testng-results>
